[2017-05-27 13:58:07]	Open file failed 
[2017-05-27 13:58:07]	尊敬的各位国家元首，政府首脑，各位部长,各位国际组织负责人，女士们，先生们，朋友们：“孟夏之日，万物并秀。”在这美好时节，来自100多个国家的各界嘉宾齐聚北京，共商“一带一路”建设合作大计，具有十分重要的意义。今天，群贤毕至，少长咸集，我期待着大家集思广益、畅所欲言，为推动“一带一路”建设献计献策，让这一世纪工程造福各国人民。 

女士们、先生们、朋友们！2000多年前，我们的先辈筚路蓝缕，穿越草原沙漠，开辟出联通亚欧非的陆上丝绸之路；我们的先辈扬帆远航，穿越惊涛骇浪，闯荡出连接东西方的海上丝绸之路。古丝绸之路打开了各国友好交往的新窗口，书写了人类发展进步的新篇章。中国陕西历史博物馆珍藏的千年“鎏金铜蚕”，在印度尼西亚发现的千年沉船“黑石号”等，见证了这段历史。

古丝绸之路绵亘万里，延续千年，积淀了以和平合作、开放包容、互学互鉴、互利共赢为核心的丝路精神。这是人类文明的宝贵遗产。――和平合作。公元前140多年的中国汉代，一支从长安出发的和平使团，开始打通东方通往西方的道路，完成了“凿空之旅”，这就是著名的张骞出使西域。中国唐宋元时期，陆上和海上丝绸之路同步发展，中国、意大利、摩洛哥的旅行家杜环、马可・波罗、伊本・白图泰都在陆上和海上丝绸之路留下了历史印记。15世纪初的明代，中国著名航海家郑和七次远洋航海，留下千古佳话。这些开拓事业之所以名垂青史，是因为使用的不是战马和长矛，而是驼队和善意；依靠的不是坚船和利炮，而是宝船和友谊。一代又一代“丝路人”架起了东西方合作的纽带、和平的桥梁。

――开放包容。古丝绸之路跨越尼罗河流域、底格里斯河和幼发拉底河流域、印度河和恒河流域、黄河和长江流域，跨越埃及文明、巴比伦文明、印度文明、中华文明的发祥地，跨越佛教、基督教、伊斯兰教信众的汇集地，跨越不同国度和肤色人民的聚居地。不同文明、宗教、种族求同存异、开放包容，并肩书写相互尊重的壮丽诗篇，携手绘就共同发展的美好画卷。酒泉、敦煌、吐鲁番、喀什、撒马尔罕、巴格达、君士坦丁堡等古城，宁波、泉州、广州、北海、科伦坡、吉达、亚历山大等地的古港，就是记载这段历史的“活化石”。历史告诉我们：文明在开放中发展，民族在融合中共存。

――互学互鉴。古丝绸之路不仅是一条通商易货之道，更是一条知识交流之路。沿着古丝绸之路，中国将丝绸、瓷器、漆器、铁器传到西方，也为中国带来了胡椒、亚麻、香料、葡萄、石榴。沿着古丝绸之路，佛教、伊斯兰教及阿拉伯的天文、历法、医药传入中国，中国的四大发明、养蚕技术也由此传向世界。更为重要的是，商品和知识交流带来了观念创新。比如，佛教源自印度，在中国发扬光大，在东南亚得到传承。儒家文化起源中国，受到欧洲莱布尼茨、伏尔泰等思想家的推崇。这是交流的魅力、互鉴的成果。

――互利共赢。古丝绸之路见证了陆上“使者相望于道，商旅不绝于途”的盛况，也见证了海上“舶交海中，不知其数”的繁华。在这条大动脉上，资金、技术、人员等生产要素自由流动，商品、资源、成果等实现共享。阿拉木图、撒马尔罕、长安等重镇和苏尔港、广州等良港兴旺发达，罗马、安息、贵霜等古国欣欣向荣，中国汉唐迎来盛世。古丝绸之路创造了地区大发展大繁荣。

历史是最好的老师。这段历史表明，无论相隔多远，只要我们勇敢迈出第一步，坚持相向而行，就能走出一条相遇相知、共同发展之路，走向幸福安宁和谐美好的远方。

女士们、先生们、朋友们！从历史维度看，人类社会正处在一个大发展大变革大调整时代。世界多极化、经济全球化、社会信息化、文化多样化深入发展，和平发展的大势日益强劲，变革创新的步伐持续向前。各国之间的联系从来没有像今天这样紧密，世界人民对美好生活的向往从来没有像今天这样强烈，人类战胜困难的手段从来没有像今天这样丰富。

从现实维度看，我们正处在一个挑战频发的世界。世界经济增长需要新动力，发展需要更加普惠平衡，贫富差距鸿沟有待弥合。地区热点持续动荡，恐怖主义蔓延肆虐。和平赤字、发展赤字、治理赤字，是摆在全人类面前的严峻挑战。这是我一直思考的问题。

2013年秋天，我在哈萨克斯坦和印度尼西亚提出共建丝绸之路经济带和21世纪海上丝绸之路，即“一带一路”倡议。“桃李不言，下自成蹊。”4年来，全球100多个国家和国际组织积极支持和参与“一带一路”建设，联合国大会、联合国安理会等重要决议也纳入“一带一路”建设内容。“一带一路”建设逐渐从理念转化为行动，从愿景转变为现实，建设成果丰硕。

――这是政策沟通不断深化的4年。我多次说过，“一带一路”建设不是另起炉灶、推倒重来，而是实现战略对接、优势互补。我们同有关国家协调政策，包括俄罗斯提出的欧亚经济联盟、东盟提出的互联互通总体规划、哈萨克斯坦提出的“光明之路”、土耳其提出的“中间走廊”、蒙古提出的“发展之路”、越南提出的“两廊一圈”、英国提出的“英格兰北方经济中心”、波兰提出的“琥珀之路”等。中国同老挝、柬埔寨、缅甸、匈牙利等国的规划对接工作也全面展开。中国同40多个国家和国际组织签署了合作协议，同30多个国家开展机制化产能合作。本次论坛期间，我们还将签署一批对接合作协议和行动计划，同60多个国家和国际组织共同发出推进“一带一路”贸易畅通合作倡议。各方通过政策对接，实现了“一加一大于二”的效果。

――这是设施联通不断加强的4年。“道路通，百业兴。”我们和相关国家一道共同加速推进雅万高铁、中老铁路、亚吉铁路、匈塞铁路等项目，建设瓜达尔港、比雷埃夫斯港等港口，规划实施一大批互联互通项目。目前，以中巴、中蒙俄、新亚欧大陆桥等经济走廊为引领，以陆海空通道和信息高速路为骨架，以铁路、港口、管网等重大工程为依托，一个复合型的基础设施网络正在形成。

――这是贸易畅通不断提升的4年。中国同“一带一路”参与国大力推动贸易和投资便利化，不断改善营商环境。我了解到，仅哈萨克斯坦等中亚国家农产品到达中国市场的通关时间就缩短了90%。2014年至2016年，中国同“一带一路”沿线国家贸易总额超过3万亿美元。中国对“一带一路”沿线国家投资累计超过500亿美元。中国企业已经在20多个国家建设56个经贸合作区，为有关国家创造近11亿美元税收和18万个就业岗位。

――这是资金融通不断扩大的4年。融资瓶颈是实现互联互通的突出挑战。中国同“一带一路”建设参与国和组织开展了多种形式的金融合作。亚洲基础设施投资银行已经为“一带一路”建设参与国的9个项目提供17亿美元贷款，“丝路基金”投资达40亿美元，中国同中东欧“16+1”金融控股公司正式成立。这些新型金融机制同世界银行等传统多边金融机构各有侧重、互为补充，形成层次清晰、初具规模的“一带一路”金融合作网络。

――这是民心相通不断促进的4年。“国之交在于民相亲，民相亲在于心相通。”“一带一路”建设参与国弘扬丝绸之路精神，开展智力丝绸之路、健康丝绸之路等建设，在科学、教育、文化、卫生、民间交往等各领域广泛开展合作，为“一带一路”建设夯实民意基础，筑牢社会根基。中国政府每年向相关国家提供1万个政府奖学金名额，地方政府也设立了丝绸之路专项奖学金，鼓励国际文教交流。各类丝绸之路文化年、旅游年、艺术节、影视桥、研讨会、智库对话等人文合作项目百花纷呈，人们往来频繁，在交流中拉近了心与心的距离。

丰硕的成果表明，“一带一路”倡议顺应时代潮流，适应发展规律，符合各国人民利益，具有广阔前景。

女士们、先生们、朋友们！中国人说，“万事开头难”。“一带一路”建设已经迈出坚实步伐。我们要乘势而上、顺势而为，推动“一带一路”建设行稳致远，迈向更加美好的未来。这里，我谈几点意见。

第一，我们要将“一带一路”建成和平之路。古丝绸之路，和时兴，战时衰。“一带一路”建设离不开和平安宁的环境。我们要构建以合作共赢为核心的新型国际关系，打造对话不对抗、结伴不结盟的伙伴关系。各国应该尊重彼此主权、尊严、领土完整，尊重彼此发展道路和社会制度，尊重彼此核心利益和重大关切。古丝绸之路沿线地区曾经是“流淌着牛奶与蜂蜜的地方”，如今很多地方却成了冲突动荡和危机挑战的代名词。这种状况不能再持续下去。我们要树立共同、综合、合作、可持续的安全观，营造共建共享的安全格局。要着力化解热点，坚持政治解决；要着力斡旋调解，坚持公道正义；要着力推进反恐，标本兼治，消除贫困落后和社会不公。

第二，我们要将“一带一路”建成繁荣之路。发展是解决一切问题的总钥匙。推进“一带一路”建设，要聚焦发展这个根本性问题，释放各国发展潜力，实现经济大融合、发展大联动、成果大共享。产业是经济之本。我们要深入开展产业合作，推动各国产业发展规划相互兼容、相互促进，抓好大项目建设，加强国际产能和装备制造合作，抓住新工业革命的发展新机遇，培育新业态，保持经济增长活力。

金融是现代经济的血液。血脉通，增长才有力。我们要建立稳定、可持续、风险可控的金融保障体系，创新投资和融资模式，推广政府和社会资本合作，建设多元化融资体系和多层次资本市场，发展普惠金融，完善金融服务网络。

设施联通是合作发展的基础。我们要着力推动陆上、海上、天上、网上四位一体的联通，聚焦关键通道、关键城市、关键项目，联结陆上公路、铁路道路网络和海上港口网络。我们已经确立“一带一路”建设六大经济走廊框架，要扎扎实实向前推进。要抓住新一轮能源结构调整和能源技术变革趋势，建设全球能源互联网，实现绿色低碳发展。要完善跨区域物流网建设。我们也要促进政策、规则、标准三位一体的联通，为互联互通提供机制保障。

第三，我们要将“一带一路”建成开放之路。开放带来进步，封闭导致落后。对一个国家而言，开放如同破茧成蝶，虽会经历一时阵痛，但将换来新生。“一带一路”建设要以开放为导向，解决经济增长和平衡问题。我们要打造开放型合作平台，维护和发展开放型世界经济，共同创造有利于开放发展的环境，推动构建公正、合理、透明的国际经贸投资规则体系，促进生产要素有序流动、资源高效配置、市场深度融合。我们欢迎各国结合自身国情，积极发展开放型经济，参与全球治理和公共产品供给，携手构建广泛的利益共同体。

贸易是经济增长的重要引擎。我们要有“向外看”的胸怀，维护多边贸易体制，推动自由贸易区建设，促进贸易和投资自由化便利化。当然，我们也要着力解决发展失衡、治理困境、数字鸿沟、分配差距等问题，建设开放、包容、普惠、平衡、共赢的经济全球化。

第四，我们要将“一带一路”建成创新之路。创新是推动发展的重要力量。“一带一路”建设本身就是一个创举，搞好“一带一路”建设也要向创新要动力。我们要坚持创新驱动发展，加强在数字经济、人工智能、纳米技术、量子计算机等前沿领域合作，推动大数据、云计算、智慧城市建设，连接成21世纪的数字丝绸之路。我们要促进科技同产业、科技同金融深度融合，优化创新环境，集聚创新资源。我们要为互联网时代的各国青年打造创业空间、创业工厂，成就未来一代的青春梦想。

第五，我们要将“一带一路”建成文明之路。“一带一路”建设要以文明交流超越文明隔阂、文明互鉴超越文明冲突、文明共存超越文明优越，推动各国相互理解、相互尊重、相互信任。我们要建立多层次人文合作机制，搭建更多合作平台，开辟更多合作渠道。要推动教育合作，扩大互派留学生规模，提升合作办学水平。要发挥智库作用，建设好智库联盟和合作网络。在文化、体育、卫生领域，要创新合作模式，推动务实项目。要用好历史文化遗产，联合打造具有丝绸之路特色的旅游产品和遗产保护。我们要加强各国议会、政党、民间组织往来，密切妇女、青年、残疾人等群体交流，促进包容发展。我们也要加强国际反腐合作，让“一带一路”成为廉洁之路。

我们要践行绿色发展的新理念，倡导绿色、低碳、循环、可持续的生产生活方式，加强生态环保合作，建设生态文明，共同实现2030年可持续发展目标。

女士们、先生们、朋友们！当前，中国发展正站在新的起点上。我们将深入贯彻创新、协调、绿色、开放、共享的发展理念，不断适应、把握、引领经济发展新常态，积极推进供给侧结构性改革，实现持续发展，为“一带一路”注入强大动力，为世界发展带来新的机遇。

中国愿在和平共处五项原则基础上，发展同所有“一带一路”建设参与国的友好合作。中国愿同世界各国分享发展经验，但不会干涉他国内政，不会输出社会制度和发展模式，更不会强加于人。我们推进“一带一路”建设不会重复地缘博弈的老套路，而将开创合作共赢的新模式；不会形成破坏稳定的小集团，而将建设和谐共存的大家庭。

中国已经同很多国家达成了“一带一路”务实合作协议，其中既包括交通运输、基础设施、能源等硬件联通项目，也包括通信、海关、检验检疫等软件联通项目，还包括经贸、产业、电子商务、海洋和绿色经济等多领域的合作规划和具体项目。中国同有关国家的铁路部门将签署深化中欧班列合作协议。我们将推动这些合作项目早日启动、早见成效。

中国将加大对“一带一路”建设资金支持，向丝路基金新增资金1000亿元人民币，鼓励金融机构开展人民币海外基金业务，规模预计约3000亿元人民币。中国国家开发银行、进出口银行将分别提供2500亿元和1300亿元等值人民币专项贷款，用于支持“一带一路”基础设施建设、产能、金融合作。我们还将同亚洲基础设施投资银行、金砖国家新开发银行、世界银行及其他多边开发机构合作支持“一带一路”项目，同有关各方共同制定“一带一路”融资指导原则。

中国将积极同“一带一路”建设参与国发展互利共赢的经贸伙伴关系，促进同各相关国家贸易和投资便利化，建设“一带一路”自由贸易网络，助力地区和世界经济增长。本届论坛期间，中国将同30多个国家签署经贸合作协议，同有关国家协商自由贸易协定。中国将从2018年起举办中国国际进口博览会。

中国愿同各国加强创新合作，启动“一带一路”科技创新行动计划，开展科技人文交流、共建联合实验室、科技园区合作、技术转移4项行动。我们将在未来5年内安排2500人次青年科学家来华从事短期科研工作，培训5000人次科学技术和管理人员，投入运行50家联合实验室。我们将设立生态环保大数据服务平台，倡议建立“一带一路”绿色发展国际联盟，并为相关国家应对气候变化提供援助。

中国将在未来3年向参与“一带一路”建设的发展中国家和国际组织提供600亿元人民币援助，建设更多民生项目。我们将向“一带一路”沿线发展中国家提供20亿元人民币紧急粮食援助，向南南合作援助基金增资10亿美元，在沿线国家实施100个“幸福家园”、100个“爱心助困”、100个“康复助医”等项目。我们将向有关国际组织提供10亿美元落实一批惠及沿线国家的合作项目。

中国将设立“一带一路”国际合作高峰论坛后续联络机制，成立“一带一路”财经发展研究中心、“一带一路”建设促进中心，同多边开发银行共同设立多边开发融资合作中心，同国际货币基金组织合作建立能力建设中心。我们将建设丝绸之路沿线民间组织合作网络，打造新闻合作联盟、音乐教育联盟以及其他人文合作新平台。

“一带一路”建设植根于丝绸之路的历史土壤，重点面向亚欧非大陆，同时向所有朋友开放。不论来自亚洲、欧洲，还是非洲、美洲，都是“一带一路”建设国际合作的伙伴。“一带一路”建设将由大家共同商量，“一带一路”建设成果将由大家共同分享。

女士们、先生们、朋友们！中国古语讲：“不积跬步，无以至千里。”阿拉伯谚语说，“金字塔是一块块石头垒成的”。欧洲也有句话：“伟业非一日之功”。“一带一路”建设是伟大的事业，需要伟大的实践。让我们一步一个脚印推进实施，一点一滴抓出成果，造福世界，造福人民！

祝本次高峰论坛圆满成功！谢谢大家。
[2017-05-27 13:59:14]	Open file failed 
[2017-05-27 13:59:14]	同志们：

今天，我们在这里隆重集会，纪念全世界工人阶级和劳动群众的盛大节日――“五一”国际劳动节，表彰全国劳动模范和先进工作者，目的是弘扬劳模精神，弘扬劳动精神，弘扬我国工人阶级和广大劳动群众的伟大品格。

首先，我代表党中央、国务院，向全国各族工人、农民、知识分子和其他各阶层劳动群众，向人民解放军指战员、武警部队官兵和公安民警，向香港同胞、澳门同胞、台湾同胞和海外侨胞，致以节日的祝贺！向为改革开放和社会主义现代化建设作出突出贡献的劳动模范和先进工作者，致以崇高的敬意！在这里，我代表中国工人阶级和广大劳动群众，向全世界工人阶级和广大劳动群众，致以诚挚的问候！

“五一”国际劳动节，是全世界劳动人民共同的节日。从恩格斯领导成立的第二国际明确将1890年5月1日定为第一个国际劳动节起，历史车轮已走过125年。我们党历来高度重视通过纪念“五一”国际劳动节，启发职工群众觉悟，教育引导劳动群众，团结带领工人阶级和广大劳动群众为民族独立、人民解放和国家富强、人民幸福而奋斗。新中国成立后，我国工人阶级成为国家的领导阶级，我国工人阶级和广大劳动群众成为国家的主人，我们纪念“五一”国际劳动节具有了新的时代意义。

我们所处的时代是催人奋进的伟大时代，我们进行的事业是前无古人的伟大事业，我们正在从事的中国特色社会主义事业是全体人民的共同事业。全面建成小康社会，进而建成富强民主文明和谐的社会主义现代化国家，根本上靠劳动、靠劳动者创造。因此，无论时代条件如何变化，我们始终都要崇尚劳动、尊重劳动者，始终重视发挥工人阶级和广大劳动群众的主力军作用。这就是我们今天纪念“五一”国际劳动节的重大意义。

同志们！

党的十八大以来，党中央从坚持和发展中国特色社会主义全局出发，提出并形成了全面建成小康社会、全面深化改革、全面依法治国、全面从严治党的战略布局，确立了新形势下党和国家各项工作的战略目标和战略举措，为实现“两个一百年”奋斗目标、实现中华民族伟大复兴的中国梦提供了理论指导和实践指南。

历史赋予工人阶级和广大劳动群众伟大而艰巨的使命，时代召唤工人阶级和广大劳动群众谱写壮丽而崭新的篇章。我国工人阶级和广大劳动群众一定要以国家主人翁姿态，积极投身经济社会发展的火热实践，为共同创造我们的幸福生活和美好未来作出新的贡献。

――在前进道路上，我们要始终弘扬劳模精神、劳动精神，为中国经济社会发展汇聚强大正能量。劳动是人类的本质活动，劳动光荣、创造伟大是对人类文明进步规律的重要诠释。“民生在勤，勤则不匮。”中华民族是勤于劳动、善于创造的民族。正是因为劳动创造，我们拥有了历史的辉煌；也正是因为劳动创造，我们拥有了今天的成就。

中国特色社会主义事业大厦是靠一砖一瓦砌成的，人民的幸福是靠一点一滴创造得来的。劳动模范和先进工作者是坚持中国道路、弘扬中国精神、凝聚中国力量的楷模，他们以高度的主人翁责任感、卓越的劳动创造、忘我的拼搏奉献，为全国各族人民树立了学习的榜样。“爱岗敬业、争创一流，艰苦奋斗、勇于创新，淡泊名利、甘于奉献”的劳模精神，生动诠释了社会主义核心价值观，是我们的宝贵精神财富和强大精神力量。今天受到表彰的全国劳动模范和先进工作者，就是我国亿万劳动人民的杰出代表。党和人民感谢你们！全社会都要向你们学习！

伟大的事业需要伟大的精神，伟大的精神来自于伟大的人民。我们一定要在全社会大力弘扬劳模精神、劳动精神，大力宣传劳动模范和其他典型的先进事迹，引导广大人民群众树立辛勤劳动、诚实劳动、创造性劳动的理念，让劳动光荣、创造伟大成为铿锵的时代强音，让劳动最光荣、劳动最崇高、劳动最伟大、劳动最美丽蔚然成风。要教育孩子们从小热爱劳动、热爱创造，通过劳动和创造播种希望、收获果实，也通过劳动和创造磨炼意志、提高自己。

我们的根扎在劳动人民之中。在我们社会主义国家，一切劳动，无论是体力劳动还是脑力劳动，都值得尊重和鼓励；一切创造，无论是个人创造还是集体创造，也都值得尊重和鼓励。全社会都要贯彻尊重劳动、尊重知识、尊重人才、尊重创造的重大方针，全社会都要以辛勤劳动为荣、以好逸恶劳为耻，任何时候任何人都不能看不起普通劳动者，都不能贪图不劳而获的生活。

荣誉是继续前行的动力。广大劳动模范和先进工作者要珍惜荣誉、再接再厉，爱岗敬业、争创一流，用工人阶级的优秀品格、模范行动引导和鼓舞全体人民，再立新功、再创佳绩。各级党委、政府和工会组织要做好劳模管理服务工作，为他们干事创业创造环境和条件，更好发挥劳模的榜样、示范、引领作用。

――在前进道路上，我们要始终坚持人民主体地位，充分调动工人阶级和广大劳动群众的积极性、主动性、创造性。人民是历史的创造者，是推动我国经济社会发展的基本力量和基本依靠。推进“四个全面”战略布局，必须充分调动广大人民群众的积极性、主动性、创造性。

我们一定要发展社会主义民主，切实保障和不断发展工人阶级和广大劳动群众的民主权利。要坚持党的领导、人民当家作主、依法治国有机统一，坚持工人阶级的国家领导阶级地位，加快推进社会主义民主政治制度化、规范化、程序化，坚持和完善人民代表大会制度，推进协商民主广泛多层制度化发展，促进人民依法、有序、广泛参与管理国家事务和社会事务、管理经济和文化事业。要推进基层民主建设，健全以职工代表大会为基本形式的企事业单位民主管理制度，更加有效地落实职工群众的知情权、参与权、表达权、监督权。要尊重人民首创精神，甘当人民群众小学生，把蕴藏于工人阶级和广大劳动群众中的无穷创造活力焕发出来，把工人阶级和广大劳动群众智慧和力量凝聚到推动各项事业上来。

我国工人阶级和广大劳动群众要增强历史使命感和责任感，立足本职、胸怀全局，自觉把人生理想、家庭幸福融入国家富强、民族复兴的伟业之中，把个人梦与中国梦紧密联系在一起，把实现党和国家确立的发展目标变成自己的自觉行动。

――在前进道路上，我们要始终实现好、维护好、发展好最广大人民根本利益，让改革发展成果更多更公平惠及人民。人民对美好生活的向往，就是我们的奋斗目标。全心全意为工人阶级和广大劳动群众谋利益，是我国社会主义制度的根本要求，是党和国家的神圣职责，也是发挥我国工人阶级和广大劳动群众主力军作用最重要最基础的工作。

国家建设是全体人民共同的事业，国家发展过程也是全体人民共享成果的过程。我们一定要适应改革开放和发展社会主义市场经济的新形势，从政治、经济、社会、文化、法律、行政等各方面采取有力措施，促进社会公平正义，实现好、维护好、发展好最广大人民根本利益，特别是要实现好、维护好、发展好广大普通劳动者根本利益。

党和国家要实施积极的就业政策，创造更多就业岗位，改善就业环境，提高就业质量，不断增加劳动者特别是一线劳动者劳动报酬。要建立健全党和政府主导的维护群众权益机制，抓住劳动就业、技能培训、收入分配、社会保障、安全卫生等问题，关注一线职工、农民工、困难职工等群体，完善制度，排除阻碍劳动者参与发展、分享发展成果的障碍，努力让劳动者实现体面劳动、全面发展。要面对面、心贴心、实打实做好群众工作，把人民群众安危冷暖放在心上，雪中送炭，纾难解困，扎扎实实解决好群众最关心最直接最现实的利益问题、最困难最忧虑最急迫的实际问题。

劳动关系是最基本的社会关系之一。要最大限度增加和谐因素、最大限度减少不和谐因素，构建和发展和谐劳动关系，促进社会和谐。要依法保障职工基本权益，健全劳动关系协调机制，及时正确处理劳动关系矛盾纠纷。我国工人阶级和广大劳动群众要发扬识大体、顾大局的光荣传统，正确认识和对待改革发展过程中利益关系和利益格局的调整，正确处理个人利益和集体利益、局部利益和全局利益、眼前利益和长远利益的关系，树立法治观念，增强法律意识，自觉维护社会和谐稳定。

――在前进道路上，我们要始终高度重视提高劳动者素质，培养宏大的高素质劳动者大军。劳动者素质对一个国家、一个民族发展至关重要。劳动者的知识和才能积累越多，创造能力就越大。提高包括广大劳动者在内的全民族文明素质，是民族发展的长远大计。面对日趋激烈的国际竞争，一个国家发展能否抢占先机、赢得主动，越来越取决于国民素质特别是广大劳动者素质。要实施职工素质建设工程，推动建设宏大的知识型、技术型、创新型劳动者大军。

我们一定要深入实施科教兴国战略、人才强国战略、创新驱动发展战略，把提高职工队伍整体素质作为一项战略任务抓紧抓好，帮助职工学习新知识、掌握新技能、增长新本领，拓展广大职工和劳动者成长成才空间，引导广大职工和劳动者树立终身学习理念，不断提高思想道德素质和科学文化素质。要深入开展中国特色社会主义理想信念教育，培育和践行社会主义核心价值观，弘扬中华优秀传统文化，开展以职业道德为重点的“四德”教育，深化“中国梦・劳动美”教育实践活动，不断引导广大群众增强中国特色社会主义道路自信、理论自信、制度自信。要创新思想政治工作方式方法，加强人文关怀和心理疏导，打造健康文明、昂扬向上的职工文化，丰富职工精神文化生活，不断满足广大职工群众精神文化需求。

三百六十行，行行出状元。任何一名劳动者，要想在百舸争流、千帆竞发的洪流中勇立潮头，在不进则退、不强则弱的竞争中赢得优势，在报效祖国、服务人民的人生中有所作为，就要孜孜不倦学习、勤勉奋发干事。一切劳动者，只要肯学肯干肯钻研，练就一身真本领，掌握一手好技术，就能立足岗位成长成才，就都能在劳动中发现广阔的天地，在劳动中体现价值、展现风采、感受快乐。

同志们！

我国工人阶级是我们党最坚实最可靠的阶级基础。我国工人阶级从来都具有走在前列、勇挑重担的光荣传统，我国工人运动从来都同党的中心任务紧密联系在一起。在当代中国，工人阶级和广大劳动群众始终是推动我国经济社会发展、维护社会安定团结的根本力量。那种无视我国工人阶级成长进步的观点，那种无视我国工人阶级主力军作用的观点，那种以为科技进步条件下工人阶级越来越无足轻重的观点，都是错误的、有害的。不论时代怎样变迁，不论社会怎样变化，我们党全心全意依靠工人阶级的根本方针都不能忘记、不能淡化，我国工人阶级地位和作用都不容动摇、不容忽视。

全心全意依靠工人阶级，要解决认识问题，更要解决实践问题。各级党委和政府要把全心全意依靠工人阶级的根本方针贯彻到经济、政治、文化、社会、生态文明建设以及党的建设各方面，落实到党和国家制定政策、推进工作全过程，体现到企业生产经营各环节。要不断营造环境、搭建平台、畅通渠道、创新方式，为广大职工成长成才、就业创业、报效国家、服务社会创造更多机会，为广大职工参与企事业单位民主管理、参与国家治理和社会治理打开更广阔的通道。

同志们！

今年是中华全国总工会成立90周年。90年来，在中国共产党领导下，中华全国总工会及其各工会组织为我国革命、建设、改革事业作出了重大贡献。在此，我代表党中央、国务院，向为党的工运事业作出卓越贡献的老一代工会工作者，向全国各级工会组织和广大工会干部，向广大职工和工会积极分子，表示热烈的祝贺！

工会是党联系职工群众的桥梁和纽带，工会工作是党的群团工作、群众工作的重要组成部分，是党治国理政的一项经常性、基础性工作。新形势下，工会工作只能加强，不能削弱；只能改进提高，不能停滞不前。希望各级工会组织和广大工会干部坚定不移走中国特色社会主义工会发展道路，坚守工会工作的主战场，狠抓工会工作的中心任务，模范履行工会组织的政治责任，更好发挥工会组织作用。要坚持自觉接受党的领导的优良传统，牢牢把握正确政治方向，牢牢把握我国工人运动的时代主题，带领亿万职工群众坚定不移跟党走。要坚决履行维护职工合法权益的基本职责，把竭诚为职工群众服务作为工会一切工作的出发点和落脚点，帮助职工群众通过正常途径依法表达利益诉求，把党和政府的关怀送到广大劳动群众心坎上，不断赢得职工群众的信赖和支持。要坚持把群众路线作为工会工作的生命线和根本工作路线，把工作重心放在最广大普通职工身上，着力强化服务意识、提高维权能力，改进工作作风，破除衙门作风，坚决克服机关化、脱离职工群众现象，让职工群众真正感受到工会是“职工之家”，工会干部是最可信赖的“娘家人”。要自觉运用改革精神谋划推进工会工作，创新组织体制、运行机制、活动方式、工作方法，推动工会工作再上新台阶。要发挥民间外交优势，增进我国工人阶级同各国工人阶级的友谊，发展同各国工会组织、国际和区域工会组织的关系，为维护世界和平、促进共同发展作出新的更大贡献。

各级党委要加强和改善对工会的领导，注重发挥工会组织的作用，健全组织制度，完善工作机制，加大对工会工作的支持保障力度，及时研究解决工会工作中的重大问题，热情关心、严格要求、重视培养工会干部，为工会工作创造更加有利的条件。

同志们！

伟大的事业呼唤着我们，庄严的使命激励着我们。我国工人阶级和广大劳动群众要更加紧密地团结在党中央周围，勤奋劳动、扎实工作，锐意进取、勇于创造，在实现“两个一百年”奋斗目标的伟大征程上再创新的业绩，以劳动托起中国梦！


[2017-05-27 13:59:30]	Open file failed 
[2017-05-27 13:59:30]	  



潘浚一个字头的诞生

去年开始，打开百度李毅吧，满屏的帖子大多含有“潘俊倍字，一般网友不仅不懂这词什么意思，更难理解这个词为什么会这么火。然而从下半年开始，“潘俊币丫覆盖网络各个角落，人人争说潘浚人人争当潘俊
从遭遇恶搞到群体自嘲，“潘俊泵号横空出世
“潘俊币淮首钤绲睦丛词前俣取叭巨头吧”对“李毅吧”球迷的恶搞称谓，有嘲讽之意，但却被李毅吧的球迷就此领受下来。“潘俊倍字蕴含着无奈和自嘲的意味，但是李毅吧球迷“不以为耻、反以为荣”，从此以“潘俊弊猿疲并开始一路爆红网络。

提到“潘俊本筒荒懿惶岚俣取袄钜惆伞保也称“D8”。其会员自称为“毅丝不挂”，取自“李毅的粉丝”。因著名足球运动员李毅当年的一句无心之言：我的护球像亨利。而亨利在国外被称作亨利大帝。因而李毅从此也被冠上“李毅大帝”的名号。至于最初是谁开始这么叫的，众说纷纭。

而“李毅吧”亦有“百度贴吧卢浮宫”之称，因为很多在网络流传甚广的内涵文都出自“李毅吧”，包括那篇红极一时的《李毅大帝本纪》。而这一次，“潘俊北红网络，则是又一次体现出“李毅吧”对网络文化的影响。
丑穷无能但善良：“潘俊贝表了最广大年轻人的面貌
“潘俊倍嘀改昵崮行裕他们出身卑微，他们称自己的工作为“搬砖”，他们爱网游、爱贴吧、爱“女神”也爱幻想，却缺乏行动力，想做而不敢做；他们内心虚荣，却又不屑“高富帅”而故作清高；他们自卑、自贱却也自以为是；他们是善良的，他们也是懦弱的。

总之，“潘俊本褪钦饷匆焕嗳耍他们身份卑微、生活平庸、未来渺茫、感情空虚，不被社会认同。他们也渴望获得社会的高度认可，但又不知道该怎么去做，生活没有目标，缺乏热情，不满于无聊的生活但又不知道该做点什么。而这样的心态又普遍存在于我们周围，存在于每一个人心中，也就造成了网络上“潘俊钡谋红。
在对“女神”的终极竞争面前，“潘俊钡谋苦“高富帅”永远不懂
“呵呵”一词是“潘俊毙闹杏涝兜耐矗当他们在网上鼓足勇气和“女神”（女神是“潘俊倍宰约盒囊桥生的专称）搭讪时，却往往只得到“呵呵”，“睡了”，“洗澡去了”这样的回复，这一句“呵呵”甚至成了潘可矸莸呐斜鹗健

“潘俊贝蠖喑錾砥逗之家，没有更多的背景，他们有的很早辍学打工，有的寒窗十二载考上大学，毕业后才发现与理想相去甚远……他们从事着苦与累的工作，拿着并不丰厚甚至是微薄的报酬，在繁华的城市里勉强分得一杯羹。

而与“潘俊毕喽缘淖ㄓ写驶阍蚴恰案吒凰А保它形容男人在身高、财富、相貌上的完美无缺。这样的男人往往会博得众多女性的青睐，在恋爱，婚姻中获得成功。但是对于“潘俊崩此担“高富帅”则是个心酸的词，因为无论外形、财富还是学历，“潘俊倍寄淹“高富帅”项背。潘恐荒苁栈瘛昂呛恰保“高富帅”收获“女神”却从来不费工夫。
“潘俊背谱约旱墓ぷ魑搬砖，他们从事着苦累收入微薄的工作，在繁华的城市里分取一杯羹。
潘磕艿玫脚神的青睐，最后还得依赖电影这门造梦的艺术。
“潘俊闭飧龀胺硪馕兜拇词迅速爆红，迎合了大众的心理和趣味。因为你会发现从表面符合潘慷ㄒ宓娜耍到和潘渴粜园烁妥哟虿蛔诺娜耍都在争相认领这一名号。当人人都在忙着确认自己的潘可矸荩并乐此不疲时，潘恳淮室欢ㄓ胧贝的什么特征实现了合拍。
“潘俊辈皇前Q，他们公然比惨并乐在其中
有评论认为，“潘俊笔切率贝的阿Q，两者并不完全相同。首先，阿Q是文学巨匠鲁迅一己之力创造的，而“潘俊痹蚴峭络群体狂欢的结果，它是真正由网民集体创作的形象；另外，阿Q最重要的特征是“精神胜利法”，梦想的是“银盔银甲”，意淫的是“我手持钢鞭将你打”。

而“潘俊辈唤隹雌鹄慈厦了，甚至在大多数时候是在堂而皇之“比惨”，在高富帅面前，他们直说“跪了”，在别人夸耀成就时，他们嬉皮笑脸“求别说”。哪怕是潘坑糜诶志的话，也是让人哭笑不得的“潘坎豢蓿站起来撸”。

比惨，是一大中国特色。中国人好像历来就都是在苦水中泡大似的，大凡见面就要比惨。几个学生见面，一个说功课累，另一个绝对不会说学习轻松。成人见面，这个说他家的房子天天漏水，那个马上接道他那点儿工资真是不够养家呀。

比惨是一种自我保护的方式。它的心理基础是不患寡而患不均的传统社会认识。人们不仅物质上要追求平均，心理上也是如此，如果不能和人一起富，就希望大家一起穷。凡人遇到伤心之事，这时候有一个人对他或她说，我比你更惨，这样心理也就平衡了，也不那么伤心了。而“潘俊痹谕络上的自嘲，则亦有比惨之意，而本质则是一种发泄和寻求心理的慰藉。“潘俊备似乎是在宣称，反正我就是这么副叛，再怎么差都无所谓了。
现实沉默网上自嘲，“潘俊笔切∪宋锏募体自我认同
“潘俊钡谋炔遥就像小人物之间的日常寒暄，“潘俊币咽钦飧鍪贝小人物的形象代表。

冯小刚的电影里曾经对中国社会的小人物有着经典的诠释：中国的很多小人物的梦想和趣味与他本身的身份有着天壤之别，他们往往身份卑微却又梦想统治世界。因为在这个国家，在长达几十年的时间里，一个普通人想要一举成为一个威震寰宇、万人拥戴的英雄，从来都不会被视为是荒唐变态，而恰恰会被视为一个值得鼓励和学习的有志青年。

然而崇高的理想和残酷的现实之间存在深深的断层，小人物的身份和不切实际的梦想在一个人身上纠结，在个人自由大大获得解放的今天，却又凸显了小人物的迷茫和无助。而正是这种迷茫和无助加速了“潘俊蔽幕的产生和蔓延。相比较于冯小刚电影里的小人物，“潘俊庇涤邢嗤甚至更加卑微的身份，却未必拥有多么宏大、崇高的理想，他们安于现状却又不满于现实，他们渴望成功，却又无法克服成功路上的种种困难。于是，他们选择了现实中的沉默，网络中的自嘲。
群体自嘲是解构现实的武器 也是争取诠释自己生活的权利
自嘲是一种调节心理的天平，心理学家认为：“一个人的身体状态是受其心理和精神状态所影响的，大约有一半以上的疾病都是由心理和精神方面引起的。”所以，任何一个在现实生活中并不那么如意的人，对自己进行自嘲都是很正常的，“潘俊闭飧龃视镂抟筛是自嘲文化发展到一定程度的产物。

然后，与普通的自嘲不同，“潘俊钡淖猿笆且淮巫苑⒌摹⑷禾逍缘淖猿埃如此大规模的自嘲定然是拜网络所赐，而在别人嘲讽自己之前抢先把自己嘲讽完毕，基本上是一种自我保护。究其根本，其实与当年王朔的“我是流氓我怕谁”类似。对方尚未发作，且先笑脸相迎――“我有病，您别跟我一般见识……”

其实，归根结底，“潘俊蔽幕不过是又一种网络亚文化的崛起，它意味着中国人更多的获得了自己诠释生活的角度与权利。一切政治、经济与社会的话题，在法律允许的范围内都可以纳入自己的价值体系，通过自己的经验与学识，作出自己的判断。他们用一种新的语言方式，结构着完全灌输式的教育与宣传。

解构的这种积极意义还在于，每个公民都有自己观察生活、认识真理的眼睛与心灵，没有谁再可以强加给他们任何他们不再相信的东西。而那些貌似强大的说教，同样失去了动员的能力，反而被人们置之一笑。就如同“潘俊倍源“高富帅”的态度，有嘲讽、有跪拜，但本质上都是一种解构，并且也是网民的一种自娱自乐。
网络亚文化需要包容 潘棵切枰的是爱
“潘俊北红，也引来了反弹。有文化学者在微博上批判说，“潘课幕”是一种对社会拜金风潮的无奈掺杂的产物，亦充满了格调不高的低俗气。

当然，对于这点，网民是不买账的。其实网民只是用于自嘲，不过跟“咆哮体”和“伤不起”是一个性质。动不动上升至道德层面，是小题大做得有点凶猛――作为一种网络亚文化，跟同性恋和朋克摇滚一样不属于主流社会罢了，更远远称不上有害。

一个社会的道德水准和价值观会因为某个网络词语发生了大倒退？那是不是对整个社会太没信心了。当然，“潘俊蔽幕中不是毫无问题，其中对于女性的态度以及对女性有侮辱的词汇在网络上流行就不妥当。

潘垦俏幕下，看起来嬉皮笑脸满不在乎面孔的背后，其实和这个社会中其他所有人一样，他们所需要的，是爱。

[2017-05-27 14:00:29]	Open file failed 
[2017-05-27 14:00:29]	  



潘浚一个字头的诞生

去年开始，打开百度李毅吧，满屏的帖子大多含有“潘俊倍字，一般网友不仅不懂这词什么意思，更难理解这个词为什么会这么火。然而从下半年开始，“潘俊币丫覆盖网络各个角落，人人争说潘浚人人争当潘俊
从遭遇恶搞到群体自嘲，“潘俊泵号横空出世
“潘俊币淮首钤绲睦丛词前俣取叭巨头吧”对“李毅吧”球迷的恶搞称谓，有嘲讽之意，但却被李毅吧的球迷就此领受下来。“潘俊倍字蕴含着无奈和自嘲的意味，但是李毅吧球迷“不以为耻、反以为荣”，从此以“潘俊弊猿疲并开始一路爆红网络。

提到“潘俊本筒荒懿惶岚俣取袄钜惆伞保也称“D8”。其会员自称为“毅丝不挂”，取自“李毅的粉丝”。因著名足球运动员李毅当年的一句无心之言：我的护球像亨利。而亨利在国外被称作亨利大帝。因而李毅从此也被冠上“李毅大帝”的名号。至于最初是谁开始这么叫的，众说纷纭。

而“李毅吧”亦有“百度贴吧卢浮宫”之称，因为很多在网络流传甚广的内涵文都出自“李毅吧”，包括那篇红极一时的《李毅大帝本纪》。而这一次，“潘俊北红网络，则是又一次体现出“李毅吧”对网络文化的影响。
丑穷无能但善良：“潘俊贝表了最广大年轻人的面貌
“潘俊倍嘀改昵崮行裕他们出身卑微，他们称自己的工作为“搬砖”，他们爱网游、爱贴吧、爱“女神”也爱幻想，却缺乏行动力，想做而不敢做；他们内心虚荣，却又不屑“高富帅”而故作清高；他们自卑、自贱却也自以为是；他们是善良的，他们也是懦弱的。

总之，“潘俊本褪钦饷匆焕嗳耍他们身份卑微、生活平庸、未来渺茫、感情空虚，不被社会认同。他们也渴望获得社会的高度认可，但又不知道该怎么去做，生活没有目标，缺乏热情，不满于无聊的生活但又不知道该做点什么。而这样的心态又普遍存在于我们周围，存在于每一个人心中，也就造成了网络上“潘俊钡谋红。
在对“女神”的终极竞争面前，“潘俊钡谋苦“高富帅”永远不懂
“呵呵”一词是“潘俊毙闹杏涝兜耐矗当他们在网上鼓足勇气和“女神”（女神是“潘俊倍宰约盒囊桥生的专称）搭讪时，却往往只得到“呵呵”，“睡了”，“洗澡去了”这样的回复，这一句“呵呵”甚至成了潘可矸莸呐斜鹗健

“潘俊贝蠖喑錾砥逗之家，没有更多的背景，他们有的很早辍学打工，有的寒窗十二载考上大学，毕业后才发现与理想相去甚远……他们从事着苦与累的工作，拿着并不丰厚甚至是微薄的报酬，在繁华的城市里勉强分得一杯羹。

而与“潘俊毕喽缘淖ㄓ写驶阍蚴恰案吒凰А保它形容男人在身高、财富、相貌上的完美无缺。这样的男人往往会博得众多女性的青睐，在恋爱，婚姻中获得成功。但是对于“潘俊崩此担“高富帅”则是个心酸的词，因为无论外形、财富还是学历，“潘俊倍寄淹“高富帅”项背。潘恐荒苁栈瘛昂呛恰保“高富帅”收获“女神”却从来不费工夫。
“潘俊背谱约旱墓ぷ魑搬砖，他们从事着苦累收入微薄的工作，在繁华的城市里分取一杯羹。
潘磕艿玫脚神的青睐，最后还得依赖电影这门造梦的艺术。
“潘俊闭飧龀胺硪馕兜拇词迅速爆红，迎合了大众的心理和趣味。因为你会发现从表面符合潘慷ㄒ宓娜耍到和潘渴粜园烁妥哟虿蛔诺娜耍都在争相认领这一名号。当人人都在忙着确认自己的潘可矸荩并乐此不疲时，潘恳淮室欢ㄓ胧贝的什么特征实现了合拍。
“潘俊辈皇前Q，他们公然比惨并乐在其中
有评论认为，“潘俊笔切率贝的阿Q，两者并不完全相同。首先，阿Q是文学巨匠鲁迅一己之力创造的，而“潘俊痹蚴峭络群体狂欢的结果，它是真正由网民集体创作的形象；另外，阿Q最重要的特征是“精神胜利法”，梦想的是“银盔银甲”，意淫的是“我手持钢鞭将你打”。

而“潘俊辈唤隹雌鹄慈厦了，甚至在大多数时候是在堂而皇之“比惨”，在高富帅面前，他们直说“跪了”，在别人夸耀成就时，他们嬉皮笑脸“求别说”。哪怕是潘坑糜诶志的话，也是让人哭笑不得的“潘坎豢蓿站起来撸”。

比惨，是一大中国特色。中国人好像历来就都是在苦水中泡大似的，大凡见面就要比惨。几个学生见面，一个说功课累，另一个绝对不会说学习轻松。成人见面，这个说他家的房子天天漏水，那个马上接道他那点儿工资真是不够养家呀。

比惨是一种自我保护的方式。它的心理基础是不患寡而患不均的传统社会认识。人们不仅物质上要追求平均，心理上也是如此，如果不能和人一起富，就希望大家一起穷。凡人遇到伤心之事，这时候有一个人对他或她说，我比你更惨，这样心理也就平衡了，也不那么伤心了。而“潘俊痹谕络上的自嘲，则亦有比惨之意，而本质则是一种发泄和寻求心理的慰藉。“潘俊备似乎是在宣称，反正我就是这么副叛，再怎么差都无所谓了。
现实沉默网上自嘲，“潘俊笔切∪宋锏募体自我认同
“潘俊钡谋炔遥就像小人物之间的日常寒暄，“潘俊币咽钦飧鍪贝小人物的形象代表。

冯小刚的电影里曾经对中国社会的小人物有着经典的诠释：中国的很多小人物的梦想和趣味与他本身的身份有着天壤之别，他们往往身份卑微却又梦想统治世界。因为在这个国家，在长达几十年的时间里，一个普通人想要一举成为一个威震寰宇、万人拥戴的英雄，从来都不会被视为是荒唐变态，而恰恰会被视为一个值得鼓励和学习的有志青年。

然而崇高的理想和残酷的现实之间存在深深的断层，小人物的身份和不切实际的梦想在一个人身上纠结，在个人自由大大获得解放的今天，却又凸显了小人物的迷茫和无助。而正是这种迷茫和无助加速了“潘俊蔽幕的产生和蔓延。相比较于冯小刚电影里的小人物，“潘俊庇涤邢嗤甚至更加卑微的身份，却未必拥有多么宏大、崇高的理想，他们安于现状却又不满于现实，他们渴望成功，却又无法克服成功路上的种种困难。于是，他们选择了现实中的沉默，网络中的自嘲。
群体自嘲是解构现实的武器 也是争取诠释自己生活的权利
自嘲是一种调节心理的天平，心理学家认为：“一个人的身体状态是受其心理和精神状态所影响的，大约有一半以上的疾病都是由心理和精神方面引起的。”所以，任何一个在现实生活中并不那么如意的人，对自己进行自嘲都是很正常的，“潘俊闭飧龃视镂抟筛是自嘲文化发展到一定程度的产物。

然后，与普通的自嘲不同，“潘俊钡淖猿笆且淮巫苑⒌摹⑷禾逍缘淖猿埃如此大规模的自嘲定然是拜网络所赐，而在别人嘲讽自己之前抢先把自己嘲讽完毕，基本上是一种自我保护。究其根本，其实与当年王朔的“我是流氓我怕谁”类似。对方尚未发作，且先笑脸相迎――“我有病，您别跟我一般见识……”

其实，归根结底，“潘俊蔽幕不过是又一种网络亚文化的崛起，它意味着中国人更多的获得了自己诠释生活的角度与权利。一切政治、经济与社会的话题，在法律允许的范围内都可以纳入自己的价值体系，通过自己的经验与学识，作出自己的判断。他们用一种新的语言方式，结构着完全灌输式的教育与宣传。

解构的这种积极意义还在于，每个公民都有自己观察生活、认识真理的眼睛与心灵，没有谁再可以强加给他们任何他们不再相信的东西。而那些貌似强大的说教，同样失去了动员的能力，反而被人们置之一笑。就如同“潘俊倍源“高富帅”的态度，有嘲讽、有跪拜，但本质上都是一种解构，并且也是网民的一种自娱自乐。
网络亚文化需要包容 潘棵切枰的是爱
“潘俊北红，也引来了反弹。有文化学者在微博上批判说，“潘课幕”是一种对社会拜金风潮的无奈掺杂的产物，亦充满了格调不高的低俗气。

当然，对于这点，网民是不买账的。其实网民只是用于自嘲，不过跟“咆哮体”和“伤不起”是一个性质。动不动上升至道德层面，是小题大做得有点凶猛――作为一种网络亚文化，跟同性恋和朋克摇滚一样不属于主流社会罢了，更远远称不上有害。

一个社会的道德水准和价值观会因为某个网络词语发生了大倒退？那是不是对整个社会太没信心了。当然，“潘俊蔽幕中不是毫无问题，其中对于女性的态度以及对女性有侮辱的词汇在网络上流行就不妥当。

潘垦俏幕下，看起来嬉皮笑脸满不在乎面孔的背后，其实和这个社会中其他所有人一样，他们所需要的，是爱。

[2017-05-27 14:01:42]	Open file failed 
[2017-05-27 14:01:42]	  



潘浚一个字头的诞生

去年开始，打开百度李毅吧，满屏的帖子大多含有“潘俊倍字，一般网友不仅不懂这词什么意思，更难理解这个词为什么会这么火。然而从下半年开始，“潘俊币丫覆盖网络各个角落，人人争说潘浚人人争当潘俊
从遭遇恶搞到群体自嘲，“潘俊泵号横空出世
“潘俊币淮首钤绲睦丛词前俣取叭巨头吧”对“李毅吧”球迷的恶搞称谓，有嘲讽之意，但却被李毅吧的球迷就此领受下来。“潘俊倍字蕴含着无奈和自嘲的意味，但是李毅吧球迷“不以为耻、反以为荣”，从此以“潘俊弊猿疲并开始一路爆红网络。

提到“潘俊本筒荒懿惶岚俣取袄钜惆伞保也称“D8”。其会员自称为“毅丝不挂”，取自“李毅的粉丝”。因著名足球运动员李毅当年的一句无心之言：我的护球像亨利。而亨利在国外被称作亨利大帝。因而李毅从此也被冠上“李毅大帝”的名号。至于最初是谁开始这么叫的，众说纷纭。

而“李毅吧”亦有“百度贴吧卢浮宫”之称，因为很多在网络流传甚广的内涵文都出自“李毅吧”，包括那篇红极一时的《李毅大帝本纪》。而这一次，“潘俊北红网络，则是又一次体现出“李毅吧”对网络文化的影响。
丑穷无能但善良：“潘俊贝表了最广大年轻人的面貌
“潘俊倍嘀改昵崮行裕他们出身卑微，他们称自己的工作为“搬砖”，他们爱网游、爱贴吧、爱“女神”也爱幻想，却缺乏行动力，想做而不敢做；他们内心虚荣，却又不屑“高富帅”而故作清高；他们自卑、自贱却也自以为是；他们是善良的，他们也是懦弱的。

总之，“潘俊本褪钦饷匆焕嗳耍他们身份卑微、生活平庸、未来渺茫、感情空虚，不被社会认同。他们也渴望获得社会的高度认可，但又不知道该怎么去做，生活没有目标，缺乏热情，不满于无聊的生活但又不知道该做点什么。而这样的心态又普遍存在于我们周围，存在于每一个人心中，也就造成了网络上“潘俊钡谋红。
在对“女神”的终极竞争面前，“潘俊钡谋苦“高富帅”永远不懂
“呵呵”一词是“潘俊毙闹杏涝兜耐矗当他们在网上鼓足勇气和“女神”（女神是“潘俊倍宰约盒囊桥生的专称）搭讪时，却往往只得到“呵呵”，“睡了”，“洗澡去了”这样的回复，这一句“呵呵”甚至成了潘可矸莸呐斜鹗健

“潘俊贝蠖喑錾砥逗之家，没有更多的背景，他们有的很早辍学打工，有的寒窗十二载考上大学，毕业后才发现与理想相去甚远……他们从事着苦与累的工作，拿着并不丰厚甚至是微薄的报酬，在繁华的城市里勉强分得一杯羹。

而与“潘俊毕喽缘淖ㄓ写驶阍蚴恰案吒凰А保它形容男人在身高、财富、相貌上的完美无缺。这样的男人往往会博得众多女性的青睐，在恋爱，婚姻中获得成功。但是对于“潘俊崩此担“高富帅”则是个心酸的词，因为无论外形、财富还是学历，“潘俊倍寄淹“高富帅”项背。潘恐荒苁栈瘛昂呛恰保“高富帅”收获“女神”却从来不费工夫。
“潘俊背谱约旱墓ぷ魑搬砖，他们从事着苦累收入微薄的工作，在繁华的城市里分取一杯羹。
潘磕艿玫脚神的青睐，最后还得依赖电影这门造梦的艺术。
“潘俊闭飧龀胺硪馕兜拇词迅速爆红，迎合了大众的心理和趣味。因为你会发现从表面符合潘慷ㄒ宓娜耍到和潘渴粜园烁妥哟虿蛔诺娜耍都在争相认领这一名号。当人人都在忙着确认自己的潘可矸荩并乐此不疲时，潘恳淮室欢ㄓ胧贝的什么特征实现了合拍。
“潘俊辈皇前Q，他们公然比惨并乐在其中
有评论认为，“潘俊笔切率贝的阿Q，两者并不完全相同。首先，阿Q是文学巨匠鲁迅一己之力创造的，而“潘俊痹蚴峭络群体狂欢的结果，它是真正由网民集体创作的形象；另外，阿Q最重要的特征是“精神胜利法”，梦想的是“银盔银甲”，意淫的是“我手持钢鞭将你打”。

而“潘俊辈唤隹雌鹄慈厦了，甚至在大多数时候是在堂而皇之“比惨”，在高富帅面前，他们直说“跪了”，在别人夸耀成就时，他们嬉皮笑脸“求别说”。哪怕是潘坑糜诶志的话，也是让人哭笑不得的“潘坎豢蓿站起来撸”。

比惨，是一大中国特色。中国人好像历来就都是在苦水中泡大似的，大凡见面就要比惨。几个学生见面，一个说功课累，另一个绝对不会说学习轻松。成人见面，这个说他家的房子天天漏水，那个马上接道他那点儿工资真是不够养家呀。

比惨是一种自我保护的方式。它的心理基础是不患寡而患不均的传统社会认识。人们不仅物质上要追求平均，心理上也是如此，如果不能和人一起富，就希望大家一起穷。凡人遇到伤心之事，这时候有一个人对他或她说，我比你更惨，这样心理也就平衡了，也不那么伤心了。而“潘俊痹谕络上的自嘲，则亦有比惨之意，而本质则是一种发泄和寻求心理的慰藉。“潘俊备似乎是在宣称，反正我就是这么副叛，再怎么差都无所谓了。
现实沉默网上自嘲，“潘俊笔切∪宋锏募体自我认同
“潘俊钡谋炔遥就像小人物之间的日常寒暄，“潘俊币咽钦飧鍪贝小人物的形象代表。

冯小刚的电影里曾经对中国社会的小人物有着经典的诠释：中国的很多小人物的梦想和趣味与他本身的身份有着天壤之别，他们往往身份卑微却又梦想统治世界。因为在这个国家，在长达几十年的时间里，一个普通人想要一举成为一个威震寰宇、万人拥戴的英雄，从来都不会被视为是荒唐变态，而恰恰会被视为一个值得鼓励和学习的有志青年。

然而崇高的理想和残酷的现实之间存在深深的断层，小人物的身份和不切实际的梦想在一个人身上纠结，在个人自由大大获得解放的今天，却又凸显了小人物的迷茫和无助。而正是这种迷茫和无助加速了“潘俊蔽幕的产生和蔓延。相比较于冯小刚电影里的小人物，“潘俊庇涤邢嗤甚至更加卑微的身份，却未必拥有多么宏大、崇高的理想，他们安于现状却又不满于现实，他们渴望成功，却又无法克服成功路上的种种困难。于是，他们选择了现实中的沉默，网络中的自嘲。
群体自嘲是解构现实的武器 也是争取诠释自己生活的权利
自嘲是一种调节心理的天平，心理学家认为：“一个人的身体状态是受其心理和精神状态所影响的，大约有一半以上的疾病都是由心理和精神方面引起的。”所以，任何一个在现实生活中并不那么如意的人，对自己进行自嘲都是很正常的，“潘俊闭飧龃视镂抟筛是自嘲文化发展到一定程度的产物。

然后，与普通的自嘲不同，“潘俊钡淖猿笆且淮巫苑⒌摹⑷禾逍缘淖猿埃如此大规模的自嘲定然是拜网络所赐，而在别人嘲讽自己之前抢先把自己嘲讽完毕，基本上是一种自我保护。究其根本，其实与当年王朔的“我是流氓我怕谁”类似。对方尚未发作，且先笑脸相迎――“我有病，您别跟我一般见识……”

其实，归根结底，“潘俊蔽幕不过是又一种网络亚文化的崛起，它意味着中国人更多的获得了自己诠释生活的角度与权利。一切政治、经济与社会的话题，在法律允许的范围内都可以纳入自己的价值体系，通过自己的经验与学识，作出自己的判断。他们用一种新的语言方式，结构着完全灌输式的教育与宣传。

解构的这种积极意义还在于，每个公民都有自己观察生活、认识真理的眼睛与心灵，没有谁再可以强加给他们任何他们不再相信的东西。而那些貌似强大的说教，同样失去了动员的能力，反而被人们置之一笑。就如同“潘俊倍源“高富帅”的态度，有嘲讽、有跪拜，但本质上都是一种解构，并且也是网民的一种自娱自乐。
网络亚文化需要包容 潘棵切枰的是爱
“潘俊北红，也引来了反弹。有文化学者在微博上批判说，“潘课幕”是一种对社会拜金风潮的无奈掺杂的产物，亦充满了格调不高的低俗气。

当然，对于这点，网民是不买账的。其实网民只是用于自嘲，不过跟“咆哮体”和“伤不起”是一个性质。动不动上升至道德层面，是小题大做得有点凶猛――作为一种网络亚文化，跟同性恋和朋克摇滚一样不属于主流社会罢了，更远远称不上有害。

一个社会的道德水准和价值观会因为某个网络词语发生了大倒退？那是不是对整个社会太没信心了。当然，“潘俊蔽幕中不是毫无问题，其中对于女性的态度以及对女性有侮辱的词汇在网络上流行就不妥当。

潘垦俏幕下，看起来嬉皮笑脸满不在乎面孔的背后，其实和这个社会中其他所有人一样，他们所需要的，是爱。

[2017-05-27 21:22:39]	Open file failed 
[2017-05-27 21:22:39]	
[2017-05-27 21:25:50]	Open file failed 
[2017-05-27 21:25:50]	
[2017-05-27 21:43:44]	Open file failed 
[2017-05-27 21:43:44]	
[2017-05-27 21:53:32]	Open file failed 
[2017-05-27 21:53:32]	
[2017-05-27 21:59:30]	Open file failed 
[2017-05-27 21:59:30]	
[2017-05-27 21:59:56]	Open file failed 
[2017-05-27 21:59:56]	
[2017-05-27 22:01:37]	Open file failed 
[2017-05-27 22:01:37]	
[2017-05-27 22:04:25]	Open file failed 
[2017-05-27 22:04:25]	
